    megnet_emb_0/fold0_dim1.log 还缺 1 个task.
    megnet_emb_0/fold0_dim4.log 还缺 3 个task.
    megnet_emb_0_1/fold0_dim16.log 还缺 1 个task.
    megnet_emb_0_1/fold0_dim32.log 还缺 4 个task.
    megnet_emb_0_1/fold0_dim64.log 还缺 4 个task.
    megnet_emb_0_1/fold0_dim128.log 还缺 6 个task.
    megnet_emb_1/fold1_dim1.log 还缺 1 个task.
    megnet_emb_1/fold1_dim2.log 还缺 3 个task.
    'megnet_emb_1/fold1_dim4.log' not found.Maybe not finished
    'megnet_emb_1/fold1_dim8.log' not found.Maybe not finished
    megnet_emb_1_1/fold1_dim16.log 还缺 1 个task.
    megnet_emb_1_1/fold1_dim32.log 还缺 4 个task.
megnet_emb_1_1/fold1_dim64.log 还缺 4 个task.
megnet_emb_1_1/fold1_dim128.log 还缺 3 个task.
megnet_emb_2/fold2_dim1.log 还缺 2 个task.
megnet_emb_2/fold2_dim2.log 还缺 4 个task.
megnet_emb_2/fold2_dim4.log 还缺 4 个task.
megnet_emb_2/fold2_dim8.log 还缺 3 个task.
megnet_emb_2_1/fold2_dim16.log 还缺 1 个task.
megnet_emb_2_1/fold2_dim32.log 还缺 4 个task.
megnet_emb_2_1/fold2_dim64.log 还缺 4 个task.
megnet_emb_2_1/fold2_dim128.log 还缺 4 个task.
megnet_emb_3/fold3_dim1.log 还缺 1 个task.
megnet_emb_3/fold3_dim2.log 还缺 4 个task.
megnet_emb_3/fold3_dim4.log 还缺 1 个task.
megnet_emb_3_1/fold3_dim16.log 还缺 1 个task.
megnet_emb_3_1/fold3_dim32.log 还缺 2 个task.
megnet_emb_3_1/fold3_dim64.log 还缺 2 个task.
megnet_emb_4/fold4_dim1.log 还缺 1 个task.
megnet_emb_4/fold4_dim2.log 还缺 3 个task.
megnet_emb_4/fold4_dim4.log 还缺 2 个task.
megnet_emb_4/fold4_dim8.log 还缺 3 个task.
megnet_emb_4_1/fold4_dim32.log 还缺 1 个task.
megnet_emb_4_1/fold4_dim128.log 还缺 1 个task.


    megnet_mds_0/fold0_dim1_mds.log 还缺 1 个task.
    megnet_mds_0/fold0_dim2_mds.log 还缺 1 个task.
    megnet_mds_0/fold0_dim4_mds.log 还缺 4 个task.
    megnet_mds_0/fold0_dim8_mds.log 还缺 3 个task.
    megnet_mds_0_1/fold0_dim16_mds.log 还缺 2 个task.
    megnet_mds_0_1/fold0_dim32_mds.log 还缺 1 个task.
    megnet_mds_0_1/fold0_dim64_mds.log 还缺 3 个task.
    megnet_mds_1/fold1_dim1_mds.log 还缺 1 个task.
    megnet_mds_1/fold1_dim2_mds.log 还缺 1 个task.
    megnet_mds_1/fold1_dim4_mds.log 还缺 3 个task.
    megnet_mds_1_1/fold1_dim32_mds.log 还缺 3 个task.
    megnet_mds_1_1/fold1_dim64_mds.log 还缺 4 个task.
megnet_mds_1_1/fold1_dim128_mds.log 还缺 3 个task.
megnet_mds_2/fold2_dim1_mds.log 还缺 2 个task.
megnet_mds_2/fold2_dim2_mds.log 还缺 4 个task.
megnet_mds_2/fold2_dim4_mds.log 还缺 3 个task.
megnet_mds_2/fold2_dim8_mds.log 还缺 1 个task.
megnet_mds_2_1/fold2_dim16_mds.log 还缺 2 个task.
megnet_mds_2_1/fold2_dim32_mds.log 还缺 4 个task.
megnet_mds_2_1/fold2_dim64_mds.log 还缺 4 个task.
megnet_mds_2_1/fold2_dim128_mds.log 还缺 4 个task.
megnet_mds_3/fold3_dim1_mds.log 还缺 2 个task.
megnet_mds_3/fold3_dim2_mds.log 还缺 6 个task.
megnet_mds_3/fold3_dim4_mds.log 还缺 4 个task.
megnet_mds_3/fold3_dim8_mds.log 还缺 3 个task.
megnet_mds_3_1/fold3_dim16_mds.log 还缺 2 个task.
megnet_mds_3_1/fold3_dim32_mds.log 还缺 4 个task.
megnet_mds_3_1/fold3_dim64_mds.log 还缺 4 个task.
'megnet_mds_3_1/fold3_dim128_mds.log' not found.Maybe not finished
megnet_mds_4/fold4_dim2_mds.log 还缺 1 个task.
megnet_mds_4/fold4_dim8_mds.log 还缺 2 个task.
megnet_mds_4_1/fold4_dim32_mds.log 还缺 3 个task.
megnet_mds_4_1/fold4_dim64_mds.log 还缺 4 个task.
megnet_mds_4_1/fold4_dim128_mds.log 还缺 4 个task.